[22:42:09] [Server thread/INFO]: Starting minecraft server version 1.8.8
[22:42:09] [Server thread/INFO]: Loading properties
[22:42:09] [Server thread/INFO]: Default game type: SURVIVAL
[22:42:09] [Server thread/INFO]: This server is running CraftBukkit version git-PaperSpigot-445 (MC: 1.8.8) (Implementing API version 1.8.8-R0.1-SNAPSHOT)
[22:42:09] [Server thread/INFO]: Debug logging is disabled
[22:42:09] [Server thread/INFO]: Spigot Timings: true - Verbose: true - Interval: 5m - Length: 60m
[22:42:09] [Server thread/INFO]: Server Ping Player Sample Count: 12

[22:42:09] [Server thread/INFO]: Using 4 threads for Netty based IO
[22:42:09] [Server thread/INFO]: Data value allowed items: 
[22:42:09] [Server thread/WARN]: java.lang.NoSuchFieldException: modifiers

[22:42:09] [Server thread/WARN]: 	at java.base/java.lang.Class.getDeclaredField(Class.java:2782)

[22:42:09] [Server thread/WARN]: 	at org.github.paperspigot.PaperSpigotConfig.stackableBuckets(PaperSpigotConfig.java:192)

[22:42:09] [Server thread/WARN]: 	at java.base/jdk.internal.reflect.DirectMethodHandleAccessor.invoke(DirectMethodHandleAccessor.java:103)

[22:42:09] [Server thread/WARN]: 	at java.base/java.lang.reflect.Method.invoke(Method.java:580)

[22:42:09] [Server thread/WARN]: 	at org.github.paperspigot.PaperSpigotConfig.readConfig(PaperSpigotConfig.java:84)

[22:42:09] [Server thread/WARN]: 	at org.github.paperspigot.PaperSpigotConfig.init(PaperSpigotConfig.java:62)

[22:42:09] [Server thread/WARN]: 	at net.minecraft.server.v1_8_R3.DedicatedServer.init(DedicatedServer.java:181)

[22:42:09] [Server thread/WARN]: 	at net.minecraft.server.v1_8_R3.MinecraftServer.run(MinecraftServer.java:563)

[22:42:09] [Server thread/WARN]: 	at java.base/java.lang.Thread.run(Thread.java:1583)

[22:42:09] [Server thread/INFO]: Generating keypair
[22:42:10] [Server thread/INFO]: Starting Minecraft server on localhost:25565
[22:42:10] [Server thread/INFO]: Your platform does not provide complete low-level API for accessing direct buffers reliably. Unless explicitly requested, heap buffer will always be preferred to avoid potential system unstability.
[22:42:10] [Server thread/INFO]: Using default channel type
[22:42:10] [Server thread/INFO]: Set PluginClassLoader as parallel capable
[22:42:10] [Server thread/INFO]: [SimpleTpa] Loading SimpleTpa v6.4
[22:42:10] [Server thread/INFO]: [SimpleHomes] Loading SimpleHomes v2.2
[22:42:10] [Server thread/INFO]: [WorldEdit] Loading WorldEdit v6.1;no_git_id
[22:42:10] [Server thread/INFO]: [Essentials] Loading Essentials v2.20.1
[22:42:10] [Server thread/INFO]: [LoginSecurity] Loading LoginSecurity v3.2.0
[22:42:10] [Server thread/INFO]: [EssentialsSpawn] Loading EssentialsSpawn v2.20.1
[22:42:10] [Server thread/WARN]: **** SERVER IS RUNNING IN OFFLINE/INSECURE MODE!
[22:42:10] [Server thread/WARN]: The server will make no attempt to authenticate usernames. Beware.
[22:42:10] [Server thread/WARN]: Whilst this makes it possible to use BungeeCord, unless access to your server is properly restricted, it also opens up the ability for hackers to connect with any username they choose.
[22:42:10] [Server thread/WARN]: Please see http://www.spigotmc.org/wiki/firewall-guide/ for further information.
[22:42:10] [Server thread/WARN]: To change this, set "online-mode" to "true" in the server.properties file.
[22:42:10] [Server thread/INFO]: **** Beginning UUID conversion, this may take A LONG time ****
[22:42:11] [Server thread/INFO]: Preparing level "world"
[22:42:11] [Server thread/INFO]: -------- World Settings For [world] --------
[22:42:11] [Server thread/INFO]: Mob Spawn Range: 4
[22:42:11] [Server thread/INFO]: Anti X-Ray: true
[22:42:11] [Server thread/INFO]: 	Engine Mode: 1
[22:42:11] [Server thread/INFO]: 	Hidden Blocks: [14, 15, 16, 21, 48, 49, 54, 56, 73, 74, 82, 129, 130]
[22:42:11] [Server thread/INFO]: 	Replace Blocks: [1, 5]
[22:42:11] [Server thread/INFO]: Nerfing mobs spawned from spawners: false
[22:42:11] [Server thread/INFO]: Cactus Growth Modifier: 100%
[22:42:11] [Server thread/INFO]: Cane Growth Modifier: 100%
[22:42:11] [Server thread/INFO]: Melon Growth Modifier: 100%
[22:42:11] [Server thread/INFO]: Mushroom Growth Modifier: 100%
[22:42:11] [Server thread/INFO]: Pumpkin Growth Modifier: 100%
[22:42:11] [Server thread/INFO]: Sapling Growth Modifier: 100%
[22:42:11] [Server thread/INFO]: Wheat Growth Modifier: 100%
[22:42:11] [Server thread/INFO]: NetherWart Growth Modifier: 100%
[22:42:11] [Server thread/INFO]: Entity Activation Range: An 32 / Mo 32 / Mi 16
[22:42:11] [Server thread/INFO]: Entity Tracking Range: Pl 48 / An 48 / Mo 48 / Mi 32 / Other 64
[22:42:11] [Server thread/INFO]: Hopper Transfer: 8 Hopper Check: 8 Hopper Amount: 1
[22:42:11] [Server thread/INFO]: Random Lighting Updates: false
[22:42:11] [Server thread/INFO]: Structure Info Saving: true
[22:42:11] [Server thread/INFO]: Sending up to 10 chunks per packet
[22:42:11] [Server thread/INFO]: Max Entity Collisions: 8
[22:42:11] [Server thread/INFO]: Custom Map Seeds:  Village: 10387312 Feature: 14357617
[22:42:11] [Server thread/INFO]: Max TNT Explosions: 100
[22:42:11] [Server thread/INFO]: Tile Max Tick Time: 50ms Entity max Tick Time: 50ms
[22:42:11] [Server thread/INFO]: Item Despawn Rate: 6000
[22:42:11] [Server thread/INFO]: Item Merge Radius: 2.5
[22:42:11] [Server thread/INFO]: Arrow Despawn Rate: 1200
[22:42:11] [Server thread/INFO]: Allow Zombie Pigmen to spawn from portal blocks: true
[22:42:11] [Server thread/INFO]: View Distance: 4
[22:42:11] [Server thread/INFO]: Zombie Aggressive Towards Villager: true
[22:42:11] [Server thread/INFO]: Chunks to Grow per Tick: 650
[22:42:11] [Server thread/INFO]: Clear tick list: false
[22:42:11] [Server thread/INFO]: Experience Merge Radius: 3.0
[22:42:11] [Server thread/INFO]: -------- World Settings For [world] --------
[22:42:11] [Server thread/INFO]: Squids will spawn between Y: 45.0 and Y: 63.0
[22:42:11] [Server thread/INFO]: Max height for cactus growth 3. Max height for reed growth 3
[22:42:11] [Server thread/INFO]: Living Entity Despawn Ranges:  Soft: 32 Hard: 128
[22:42:11] [Server thread/INFO]: Remove invalid mob spawner tile entities: true
[22:42:11] [Server thread/INFO]: Player blocking damage multiplier set to 0.5
[22:42:11] [Server thread/INFO]: Water over lava flow speed: 5
[22:42:11] [Server thread/INFO]: Fix TNT cannons: false
[22:42:11] [Server thread/INFO]: Allow undead horse types to be leashed: false
[22:42:11] [Server thread/INFO]: Keep spawn chunk loaded: true
[22:42:11] [Server thread/INFO]: World async lighting: false
[22:42:11] [Server thread/INFO]: WorldServer TickNextTick cap set at 10000
[22:42:11] [Server thread/INFO]: WorldServer TickNextTickList cap always processes redstone: false
[22:42:11] [Server thread/INFO]: -------- World Settings For [world_nether] --------
[22:42:11] [Server thread/INFO]: Mob Spawn Range: 4
[22:42:11] [Server thread/INFO]: Anti X-Ray: true
[22:42:11] [Server thread/INFO]: 	Engine Mode: 1
[22:42:11] [Server thread/INFO]: 	Hidden Blocks: [14, 15, 16, 21, 48, 49, 54, 56, 73, 74, 82, 129, 130]
[22:42:11] [Server thread/INFO]: 	Replace Blocks: [1, 5]
[22:42:11] [Server thread/INFO]: Nerfing mobs spawned from spawners: false
[22:42:11] [Server thread/INFO]: Cactus Growth Modifier: 100%
[22:42:11] [Server thread/INFO]: Cane Growth Modifier: 100%
[22:42:11] [Server thread/INFO]: Melon Growth Modifier: 100%
[22:42:11] [Server thread/INFO]: Mushroom Growth Modifier: 100%
[22:42:11] [Server thread/INFO]: Pumpkin Growth Modifier: 100%
[22:42:11] [Server thread/INFO]: Sapling Growth Modifier: 100%
[22:42:11] [Server thread/INFO]: Wheat Growth Modifier: 100%
[22:42:11] [Server thread/INFO]: NetherWart Growth Modifier: 100%
[22:42:11] [Server thread/INFO]: Entity Activation Range: An 32 / Mo 32 / Mi 16
[22:42:11] [Server thread/INFO]: Entity Tracking Range: Pl 48 / An 48 / Mo 48 / Mi 32 / Other 64
[22:42:11] [Server thread/INFO]: Hopper Transfer: 8 Hopper Check: 8 Hopper Amount: 1
[22:42:11] [Server thread/INFO]: Random Lighting Updates: false
[22:42:11] [Server thread/INFO]: Structure Info Saving: true
[22:42:11] [Server thread/INFO]: Sending up to 10 chunks per packet
[22:42:11] [Server thread/INFO]: Max Entity Collisions: 8
[22:42:11] [Server thread/INFO]: Custom Map Seeds:  Village: 10387312 Feature: 14357617
[22:42:11] [Server thread/INFO]: Max TNT Explosions: 100
[22:42:11] [Server thread/INFO]: Tile Max Tick Time: 50ms Entity max Tick Time: 50ms
[22:42:11] [Server thread/INFO]: Item Despawn Rate: 6000
[22:42:11] [Server thread/INFO]: Item Merge Radius: 2.5
[22:42:11] [Server thread/INFO]: Arrow Despawn Rate: 1200
[22:42:11] [Server thread/INFO]: Allow Zombie Pigmen to spawn from portal blocks: true
[22:42:11] [Server thread/INFO]: View Distance: 4
[22:42:11] [Server thread/INFO]: Zombie Aggressive Towards Villager: true
[22:42:11] [Server thread/INFO]: Chunks to Grow per Tick: 650
[22:42:11] [Server thread/INFO]: Clear tick list: false
[22:42:11] [Server thread/INFO]: Experience Merge Radius: 3.0
[22:42:11] [Server thread/INFO]: -------- World Settings For [world_nether] --------
[22:42:11] [Server thread/INFO]: Squids will spawn between Y: 45.0 and Y: 63.0
[22:42:11] [Server thread/INFO]: Max height for cactus growth 3. Max height for reed growth 3
[22:42:11] [Server thread/INFO]: Living Entity Despawn Ranges:  Soft: 32 Hard: 128
[22:42:11] [Server thread/INFO]: Remove invalid mob spawner tile entities: true
[22:42:11] [Server thread/INFO]: Player blocking damage multiplier set to 0.5
[22:42:11] [Server thread/INFO]: Water over lava flow speed: 5
[22:42:11] [Server thread/INFO]: Fix TNT cannons: false
[22:42:11] [Server thread/INFO]: Allow undead horse types to be leashed: false
[22:42:11] [Server thread/INFO]: Keep spawn chunk loaded: true
[22:42:11] [Server thread/INFO]: World async lighting: false
[22:42:11] [Server thread/INFO]: WorldServer TickNextTick cap set at 10000
[22:42:11] [Server thread/INFO]: WorldServer TickNextTickList cap always processes redstone: false
[22:42:11] [Server thread/INFO]: -------- World Settings For [world_the_end] --------
[22:42:11] [Server thread/INFO]: Mob Spawn Range: 4
[22:42:11] [Server thread/INFO]: Anti X-Ray: true
[22:42:11] [Server thread/INFO]: 	Engine Mode: 1
[22:42:11] [Server thread/INFO]: 	Hidden Blocks: [14, 15, 16, 21, 48, 49, 54, 56, 73, 74, 82, 129, 130]
[22:42:11] [Server thread/INFO]: 	Replace Blocks: [1, 5]
[22:42:11] [Server thread/INFO]: Nerfing mobs spawned from spawners: false
[22:42:11] [Server thread/INFO]: Cactus Growth Modifier: 100%
[22:42:11] [Server thread/INFO]: Cane Growth Modifier: 100%
[22:42:11] [Server thread/INFO]: Melon Growth Modifier: 100%
[22:42:11] [Server thread/INFO]: Mushroom Growth Modifier: 100%
[22:42:11] [Server thread/INFO]: Pumpkin Growth Modifier: 100%
[22:42:11] [Server thread/INFO]: Sapling Growth Modifier: 100%
[22:42:11] [Server thread/INFO]: Wheat Growth Modifier: 100%
[22:42:11] [Server thread/INFO]: NetherWart Growth Modifier: 100%
[22:42:11] [Server thread/INFO]: Entity Activation Range: An 32 / Mo 32 / Mi 16
[22:42:11] [Server thread/INFO]: Entity Tracking Range: Pl 48 / An 48 / Mo 48 / Mi 32 / Other 64
[22:42:11] [Server thread/INFO]: Hopper Transfer: 8 Hopper Check: 8 Hopper Amount: 1
[22:42:11] [Server thread/INFO]: Random Lighting Updates: false
[22:42:11] [Server thread/INFO]: Structure Info Saving: true
[22:42:11] [Server thread/INFO]: Sending up to 10 chunks per packet
[22:42:11] [Server thread/INFO]: Max Entity Collisions: 8
[22:42:11] [Server thread/INFO]: Custom Map Seeds:  Village: 10387312 Feature: 14357617
[22:42:11] [Server thread/INFO]: Max TNT Explosions: 100
[22:42:11] [Server thread/INFO]: Tile Max Tick Time: 50ms Entity max Tick Time: 50ms
[22:42:11] [Server thread/INFO]: Item Despawn Rate: 6000
[22:42:11] [Server thread/INFO]: Item Merge Radius: 2.5
[22:42:11] [Server thread/INFO]: Arrow Despawn Rate: 1200
[22:42:11] [Server thread/INFO]: Allow Zombie Pigmen to spawn from portal blocks: true
[22:42:11] [Server thread/INFO]: View Distance: 4
[22:42:11] [Server thread/INFO]: Zombie Aggressive Towards Villager: true
[22:42:11] [Server thread/INFO]: Chunks to Grow per Tick: 650
[22:42:11] [Server thread/INFO]: Clear tick list: false
[22:42:11] [Server thread/INFO]: Experience Merge Radius: 3.0
[22:42:11] [Server thread/INFO]: -------- World Settings For [world_the_end] --------
[22:42:11] [Server thread/INFO]: Squids will spawn between Y: 45.0 and Y: 63.0
[22:42:11] [Server thread/INFO]: Max height for cactus growth 3. Max height for reed growth 3
[22:42:11] [Server thread/INFO]: Living Entity Despawn Ranges:  Soft: 32 Hard: 128
[22:42:11] [Server thread/INFO]: Remove invalid mob spawner tile entities: true
[22:42:11] [Server thread/INFO]: Player blocking damage multiplier set to 0.5
[22:42:11] [Server thread/INFO]: Water over lava flow speed: 5
[22:42:11] [Server thread/INFO]: Fix TNT cannons: false
[22:42:11] [Server thread/INFO]: Allow undead horse types to be leashed: false
[22:42:11] [Server thread/INFO]: Keep spawn chunk loaded: true
[22:42:11] [Server thread/INFO]: World async lighting: false
[22:42:11] [Server thread/INFO]: WorldServer TickNextTick cap set at 10000
[22:42:11] [Server thread/INFO]: WorldServer TickNextTickList cap always processes redstone: false
[22:42:11] [Server thread/INFO]: Preparing start region for level 0 (Seed: 1564289176067971860)
[22:42:12] [Server thread/INFO]: Preparing spawn area: 17%
[22:42:13] [Server thread/INFO]: Preparing spawn area: 61%
[22:42:14] [Server thread/INFO]: Preparing start region for level 1 (Seed: 1564289176067971860)
[22:42:15] [Server thread/INFO]: Preparing spawn area: 51%
[22:42:16] [Server thread/INFO]: Preparing start region for level 2 (Seed: 1564289176067971860)
[22:42:16] [Server thread/INFO]: [SimpleTpa] Enabling SimpleTpa v6.4
[22:42:16] [Server thread/INFO]: [0;33;1m[21m[SimpleTpa] If you need support contact me at https://discord.gg/SZUkza9[m

[22:42:16] [Server thread/INFO]: [0;33;1m[21m[SimpleTpa] Simple Tpa has been enabled on version 6.4[m

[22:42:16] [Server thread/INFO]: Enabled metrics. You may opt-out by changing plugins/bStats/config.yml
[22:42:16] [Server thread/INFO]: [SimpleHomes] Enabling SimpleHomes v2.2
[22:42:16] [Server thread/INFO]: [WorldEdit] Enabling WorldEdit v6.1;no_git_id
[22:42:17] [Server thread/INFO]: WEPIF: Using the Bukkit Permissions API.
[22:42:17] [Server thread/INFO]: [WorldEdit] Using com.sk89q.worldedit.bukkit.adapter.impl.Spigot_v1_8_R3 as the Bukkit adapter
[22:42:17] [Server thread/INFO]: [Essentials] Enabling Essentials v2.20.1
[22:42:17] [Server thread/INFO]: You are running a server with limited API functionality. EssentialsX will still work, but certain features may be disabled.
[22:42:17] [Server thread/INFO]: Attempting to convert old kits in config.yml to new kits.yml
[22:42:17] [Server thread/INFO]: No kits found to migrate.
[22:42:17] [Server thread/INFO]: Loaded 853 items from items.csv.
[22:42:17] [Server thread/INFO]: Using locale en
[22:42:17] [Server thread/INFO]: ServerListPingEvent: Spigot iterator API
[22:42:18] [Server thread/INFO]: Starting Metrics. Opt-out using the global bStats config.
[22:42:18] [Server thread/INFO]: Using superperms-based permissions.
[22:42:18] [Server thread/INFO]: [LoginSecurity] Enabling LoginSecurity v3.2.0
[22:42:18] [Server thread/INFO]: [LoginSecurity] Loading base translations from "en_us"
[22:42:18] [Server thread/INFO]: [LoginSecurity] Loading specified translations from "en_us"
[22:42:18] [Server thread/INFO]: [LoginSecurity] Registering commands...
[22:42:18] [Server thread/INFO]: [LoginSecurity] Registering listeners...
[22:42:18] [Server thread/INFO]: [EssentialsSpawn] Enabling EssentialsSpawn v2.20.1
[22:42:18] [Server thread/INFO]: Starting Metrics. Opt-out using the global bStats config.
[22:42:18] [Server thread/INFO]: Server permissions file permissions.yml is empty, ignoring it
[22:42:18] [Server thread/INFO]: Done (7.389s)! For help, type "help" or "?"
[22:42:18] [Server thread/INFO]: Timings Reset
[22:42:18] [Craft Scheduler Thread - 1/INFO]: ยง6Fetching version information...
[22:42:19] [Craft Scheduler Thread - 0/INFO]: [0;31;1m[21m[SimpleTpa] There is a new update available.[m

[22:42:19] [Craft Scheduler Thread - 0/INFO]: [0;31;1m[SimpleTpa] There is a new update available:[m

[22:42:19] [Craft Scheduler Thread - 0/INFO]: [0;31;1m[SimpleTpa] https://www.spigotmc.org/resources/simple-tpa.64270/[m

[22:43:47] [Thread-7/INFO]: UUID of player FiredangerFN is 64172f8c-c2c8-375a-b63b-fc366f7f9901
[22:43:47] [Server thread/INFO]: FiredangerFN[/[0:0:0:0:0:0:0:1]:38304] logged in with entity id 283 at ([world]-259.01798694603207, 71.04290018287993, 448.6388817366633)
[22:44:17] [Server thread/INFO]: FiredangerFN lost connection: Disconnected
[22:44:17] [Server thread/INFO]: FiredangerFN left the game.
[22:54:11] [Thread-9/INFO]: UUID of player FiredangerFN is 64172f8c-c2c8-375a-b63b-fc366f7f9901
[22:54:11] [Server thread/INFO]: FiredangerFN[/[0:0:0:0:0:0:0:1]:38868] logged in with entity id 401 at ([world]-258.8432308647772, 69.96490016189907, 448.6972542497178)
[22:54:36] [Server thread/INFO]: FiredangerFN issued server command: /help lac
[22:54:47] [Server thread/INFO]: FiredangerFN issued server command: /lac
[22:55:06] [Server thread/INFO]: FiredangerFN issued server command: /lac reload
[22:55:53] [Server thread/INFO]: FiredangerFN issued server command: /bukkit
[22:55:58] [Server thread/INFO]: FiredangerFN issued server command: /help bukkit
[22:56:06] [Server thread/INFO]: FiredangerFN issued server command: /?
[22:56:22] [Server thread/INFO]: FiredangerFN issued server command: /? Bukkit
[22:56:30] [Server thread/INFO]: FiredangerFN issued server command: /timings
[22:56:38] [Server thread/INFO]: FiredangerFN issued server command: /reload
[22:56:38] [Server thread/INFO]: FiredangerFN: [0;31;1mPlease note that this command is not supported and may cause issues when using some plugins.[m

[22:56:38] [Server thread/INFO]: FiredangerFN: [0;31;1mIf you encounter any issues please use the /stop command to restart your server.[m

[22:56:38] [Server thread/INFO]: Debug logging is disabled
[22:56:38] [Server thread/INFO]: Spigot Timings: true - Verbose: true - Interval: 5m - Length: 60m
[22:56:38] [Server thread/INFO]: Server Ping Player Sample Count: 12

[22:56:38] [Server thread/INFO]: Using 4 threads for Netty based IO
[22:56:38] [Server thread/INFO]: Data value allowed items: 
[22:56:38] [Server thread/WARN]: java.lang.NoSuchFieldException: modifiers

[22:56:38] [Server thread/WARN]: 	at java.base/java.lang.Class.getDeclaredField(Class.java:2782)

[22:56:38] [Server thread/WARN]: 	at org.github.paperspigot.PaperSpigotConfig.stackableBuckets(PaperSpigotConfig.java:192)

[22:56:38] [Server thread/WARN]: 	at java.base/jdk.internal.reflect.DirectMethodHandleAccessor.invoke(DirectMethodHandleAccessor.java:103)

[22:56:38] [Server thread/WARN]: 	at java.base/java.lang.reflect.Method.invoke(Method.java:580)

[22:56:38] [Server thread/WARN]: 	at org.github.paperspigot.PaperSpigotConfig.readConfig(PaperSpigotConfig.java:84)

[22:56:38] [Server thread/WARN]: 	at org.github.paperspigot.PaperSpigotConfig.init(PaperSpigotConfig.java:62)

[22:56:38] [Server thread/WARN]: 	at org.bukkit.craftbukkit.v1_8_R3.CraftServer.reload(CraftServer.java:716)

[22:56:38] [Server thread/WARN]: 	at org.bukkit.Bukkit.reload(Bukkit.java:556)

[22:56:38] [Server thread/WARN]: 	at org.bukkit.command.defaults.ReloadCommand.execute(ReloadCommand.java:25)

[22:56:38] [Server thread/WARN]: 	at org.bukkit.command.SimpleCommandMap.dispatch(SimpleCommandMap.java:146)

[22:56:38] [Server thread/WARN]: 	at org.bukkit.craftbukkit.v1_8_R3.CraftServer.dispatchCommand(CraftServer.java:666)

[22:56:38] [Server thread/WARN]: 	at net.minecraft.server.v1_8_R3.PlayerConnection.handleCommand(PlayerConnection.java:1189)

[22:56:38] [Server thread/WARN]: 	at net.minecraft.server.v1_8_R3.PlayerConnection.a(PlayerConnection.java:1001)

[22:56:38] [Server thread/WARN]: 	at net.minecraft.server.v1_8_R3.PacketPlayInChat.a(PacketPlayInChat.java:45)

[22:56:38] [Server thread/WARN]: 	at net.minecraft.server.v1_8_R3.PacketPlayInChat.a(PacketPlayInChat.java:1)

[22:56:38] [Server thread/WARN]: 	at net.minecraft.server.v1_8_R3.PlayerConnectionUtils$1.run(SourceFile:13)

[22:56:38] [Server thread/WARN]: 	at java.base/java.util.concurrent.Executors$RunnableAdapter.call(Executors.java:572)

[22:56:38] [Server thread/WARN]: 	at java.base/java.util.concurrent.FutureTask.run(FutureTask.java:317)

[22:56:38] [Server thread/WARN]: 	at net.minecraft.server.v1_8_R3.SystemUtils.a(SourceFile:44)

[22:56:38] [Server thread/WARN]: 	at net.minecraft.server.v1_8_R3.MinecraftServer.B(MinecraftServer.java:774)

[22:56:38] [Server thread/WARN]: 	at net.minecraft.server.v1_8_R3.DedicatedServer.B(DedicatedServer.java:378)

[22:56:38] [Server thread/WARN]: 	at net.minecraft.server.v1_8_R3.MinecraftServer.A(MinecraftServer.java:713)

[22:56:38] [Server thread/WARN]: 	at net.minecraft.server.v1_8_R3.MinecraftServer.run(MinecraftServer.java:616)

[22:56:38] [Server thread/WARN]: 	at java.base/java.lang.Thread.run(Thread.java:1583)

[22:56:38] [Server thread/INFO]: -------- World Settings For [world] --------
[22:56:38] [Server thread/INFO]: Mob Spawn Range: 4
[22:56:38] [Server thread/INFO]: Anti X-Ray: true
[22:56:38] [Server thread/INFO]: 	Engine Mode: 1
[22:56:38] [Server thread/INFO]: 	Hidden Blocks: [14, 15, 16, 21, 48, 49, 54, 56, 73, 74, 82, 129, 130]
[22:56:38] [Server thread/INFO]: 	Replace Blocks: [1, 5]
[22:56:38] [Server thread/INFO]: Nerfing mobs spawned from spawners: false
[22:56:38] [Server thread/INFO]: Cactus Growth Modifier: 100%
[22:56:38] [Server thread/INFO]: Cane Growth Modifier: 100%
[22:56:38] [Server thread/INFO]: Melon Growth Modifier: 100%
[22:56:38] [Server thread/INFO]: Mushroom Growth Modifier: 100%
[22:56:38] [Server thread/INFO]: Pumpkin Growth Modifier: 100%
[22:56:38] [Server thread/INFO]: Sapling Growth Modifier: 100%
[22:56:38] [Server thread/INFO]: Wheat Growth Modifier: 100%
[22:56:38] [Server thread/INFO]: NetherWart Growth Modifier: 100%
[22:56:38] [Server thread/INFO]: Entity Activation Range: An 32 / Mo 32 / Mi 16
[22:56:38] [Server thread/INFO]: Entity Tracking Range: Pl 48 / An 48 / Mo 48 / Mi 32 / Other 64
[22:56:38] [Server thread/INFO]: Hopper Transfer: 8 Hopper Check: 8 Hopper Amount: 1
[22:56:38] [Server thread/INFO]: Random Lighting Updates: false
[22:56:38] [Server thread/INFO]: Structure Info Saving: true
[22:56:38] [Server thread/INFO]: Sending up to 10 chunks per packet
[22:56:38] [Server thread/INFO]: Max Entity Collisions: 8
[22:56:38] [Server thread/INFO]: Custom Map Seeds:  Village: 10387312 Feature: 14357617
[22:56:38] [Server thread/INFO]: Max TNT Explosions: 100
[22:56:38] [Server thread/INFO]: Tile Max Tick Time: 50ms Entity max Tick Time: 50ms
[22:56:38] [Server thread/INFO]: Item Despawn Rate: 6000
[22:56:38] [Server thread/INFO]: Item Merge Radius: 2.5
[22:56:38] [Server thread/INFO]: Arrow Despawn Rate: 1200
[22:56:38] [Server thread/INFO]: Allow Zombie Pigmen to spawn from portal blocks: true
[22:56:38] [Server thread/INFO]: View Distance: 4
[22:56:38] [Server thread/INFO]: Zombie Aggressive Towards Villager: true
[22:56:38] [Server thread/INFO]: Chunks to Grow per Tick: 650
[22:56:38] [Server thread/INFO]: Clear tick list: false
[22:56:38] [Server thread/INFO]: Experience Merge Radius: 3.0
[22:56:38] [Server thread/INFO]: -------- World Settings For [world] --------
[22:56:38] [Server thread/INFO]: Squids will spawn between Y: 45.0 and Y: 63.0
[22:56:38] [Server thread/INFO]: Max height for cactus growth 3. Max height for reed growth 3
[22:56:38] [Server thread/INFO]: Living Entity Despawn Ranges:  Soft: 32 Hard: 128
[22:56:38] [Server thread/INFO]: Remove invalid mob spawner tile entities: true
[22:56:38] [Server thread/INFO]: Player blocking damage multiplier set to 0.5
[22:56:38] [Server thread/INFO]: Water over lava flow speed: 5
[22:56:38] [Server thread/INFO]: Fix TNT cannons: false
[22:56:38] [Server thread/INFO]: Allow undead horse types to be leashed: false
[22:56:38] [Server thread/INFO]: Keep spawn chunk loaded: true
[22:56:38] [Server thread/INFO]: World async lighting: false
[22:56:38] [Server thread/INFO]: WorldServer TickNextTick cap set at 10000
[22:56:38] [Server thread/INFO]: WorldServer TickNextTickList cap always processes redstone: false
[22:56:38] [Server thread/INFO]: -------- World Settings For [world_nether] --------
[22:56:38] [Server thread/INFO]: Mob Spawn Range: 4
[22:56:38] [Server thread/INFO]: Anti X-Ray: true
[22:56:38] [Server thread/INFO]: 	Engine Mode: 1
[22:56:38] [Server thread/INFO]: 	Hidden Blocks: [14, 15, 16, 21, 48, 49, 54, 56, 73, 74, 82, 129, 130]
[22:56:38] [Server thread/INFO]: 	Replace Blocks: [1, 5]
[22:56:38] [Server thread/INFO]: Nerfing mobs spawned from spawners: false
[22:56:38] [Server thread/INFO]: Cactus Growth Modifier: 100%
[22:56:38] [Server thread/INFO]: Cane Growth Modifier: 100%
[22:56:38] [Server thread/INFO]: Melon Growth Modifier: 100%
[22:56:38] [Server thread/INFO]: Mushroom Growth Modifier: 100%
[22:56:38] [Server thread/INFO]: Pumpkin Growth Modifier: 100%
[22:56:38] [Server thread/INFO]: Sapling Growth Modifier: 100%
[22:56:38] [Server thread/INFO]: Wheat Growth Modifier: 100%
[22:56:38] [Server thread/INFO]: NetherWart Growth Modifier: 100%
[22:56:38] [Server thread/INFO]: Entity Activation Range: An 32 / Mo 32 / Mi 16
[22:56:38] [Server thread/INFO]: Entity Tracking Range: Pl 48 / An 48 / Mo 48 / Mi 32 / Other 64
[22:56:38] [Server thread/INFO]: Hopper Transfer: 8 Hopper Check: 8 Hopper Amount: 1
[22:56:38] [Server thread/INFO]: Random Lighting Updates: false
[22:56:38] [Server thread/INFO]: Structure Info Saving: true
[22:56:38] [Server thread/INFO]: Sending up to 10 chunks per packet
[22:56:38] [Server thread/INFO]: Max Entity Collisions: 8
[22:56:38] [Server thread/INFO]: Custom Map Seeds:  Village: 10387312 Feature: 14357617
[22:56:38] [Server thread/INFO]: Max TNT Explosions: 100
[22:56:38] [Server thread/INFO]: Tile Max Tick Time: 50ms Entity max Tick Time: 50ms
[22:56:38] [Server thread/INFO]: Item Despawn Rate: 6000
[22:56:38] [Server thread/INFO]: Item Merge Radius: 2.5
[22:56:38] [Server thread/INFO]: Arrow Despawn Rate: 1200
[22:56:38] [Server thread/INFO]: Allow Zombie Pigmen to spawn from portal blocks: true
[22:56:38] [Server thread/INFO]: View Distance: 4
[22:56:38] [Server thread/INFO]: Zombie Aggressive Towards Villager: true
[22:56:38] [Server thread/INFO]: Chunks to Grow per Tick: 650
[22:56:38] [Server thread/INFO]: Clear tick list: false
[22:56:38] [Server thread/INFO]: Experience Merge Radius: 3.0
[22:56:39] [Server thread/INFO]: -------- World Settings For [world_nether] --------
[22:56:39] [Server thread/INFO]: Squids will spawn between Y: 45.0 and Y: 63.0
[22:56:39] [Server thread/INFO]: Max height for cactus growth 3. Max height for reed growth 3
[22:56:39] [Server thread/INFO]: Living Entity Despawn Ranges:  Soft: 32 Hard: 128
[22:56:39] [Server thread/INFO]: Remove invalid mob spawner tile entities: true
[22:56:39] [Server thread/INFO]: Player blocking damage multiplier set to 0.5
[22:56:39] [Server thread/INFO]: Water over lava flow speed: 5
[22:56:39] [Server thread/INFO]: Fix TNT cannons: false
[22:56:39] [Server thread/INFO]: Allow undead horse types to be leashed: false
[22:56:39] [Server thread/INFO]: Keep spawn chunk loaded: true
[22:56:39] [Server thread/INFO]: World async lighting: false
[22:56:39] [Server thread/INFO]: WorldServer TickNextTick cap set at 10000
[22:56:39] [Server thread/INFO]: WorldServer TickNextTickList cap always processes redstone: false
[22:56:39] [Server thread/INFO]: -------- World Settings For [world_the_end] --------
[22:56:39] [Server thread/INFO]: Mob Spawn Range: 4
[22:56:39] [Server thread/INFO]: Anti X-Ray: true
[22:56:39] [Server thread/INFO]: 	Engine Mode: 1
[22:56:39] [Server thread/INFO]: 	Hidden Blocks: [14, 15, 16, 21, 48, 49, 54, 56, 73, 74, 82, 129, 130]
[22:56:39] [Server thread/INFO]: 	Replace Blocks: [1, 5]
[22:56:39] [Server thread/INFO]: Nerfing mobs spawned from spawners: false
[22:56:39] [Server thread/INFO]: Cactus Growth Modifier: 100%
[22:56:39] [Server thread/INFO]: Cane Growth Modifier: 100%
[22:56:39] [Server thread/INFO]: Melon Growth Modifier: 100%
[22:56:39] [Server thread/INFO]: Mushroom Growth Modifier: 100%
[22:56:39] [Server thread/INFO]: Pumpkin Growth Modifier: 100%
[22:56:39] [Server thread/INFO]: Sapling Growth Modifier: 100%
[22:56:39] [Server thread/INFO]: Wheat Growth Modifier: 100%
[22:56:39] [Server thread/INFO]: NetherWart Growth Modifier: 100%
[22:56:39] [Server thread/INFO]: Entity Activation Range: An 32 / Mo 32 / Mi 16
[22:56:39] [Server thread/INFO]: Entity Tracking Range: Pl 48 / An 48 / Mo 48 / Mi 32 / Other 64
[22:56:39] [Server thread/INFO]: Hopper Transfer: 8 Hopper Check: 8 Hopper Amount: 1
[22:56:39] [Server thread/INFO]: Random Lighting Updates: false
[22:56:39] [Server thread/INFO]: Structure Info Saving: true
[22:56:39] [Server thread/INFO]: Sending up to 10 chunks per packet
[22:56:39] [Server thread/INFO]: Max Entity Collisions: 8
[22:56:39] [Server thread/INFO]: Custom Map Seeds:  Village: 10387312 Feature: 14357617
[22:56:39] [Server thread/INFO]: Max TNT Explosions: 100
[22:56:39] [Server thread/INFO]: Tile Max Tick Time: 50ms Entity max Tick Time: 50ms
[22:56:39] [Server thread/INFO]: Item Despawn Rate: 6000
[22:56:39] [Server thread/INFO]: Item Merge Radius: 2.5
[22:56:39] [Server thread/INFO]: Arrow Despawn Rate: 1200
[22:56:39] [Server thread/INFO]: Allow Zombie Pigmen to spawn from portal blocks: true
[22:56:39] [Server thread/INFO]: View Distance: 4
[22:56:39] [Server thread/INFO]: Zombie Aggressive Towards Villager: true
[22:56:39] [Server thread/INFO]: Chunks to Grow per Tick: 650
[22:56:39] [Server thread/INFO]: Clear tick list: false
[22:56:39] [Server thread/INFO]: Experience Merge Radius: 3.0
[22:56:39] [Server thread/INFO]: -------- World Settings For [world_the_end] --------
[22:56:39] [Server thread/INFO]: Squids will spawn between Y: 45.0 and Y: 63.0
[22:56:39] [Server thread/INFO]: Max height for cactus growth 3. Max height for reed growth 3
[22:56:39] [Server thread/INFO]: Living Entity Despawn Ranges:  Soft: 32 Hard: 128
[22:56:39] [Server thread/INFO]: Remove invalid mob spawner tile entities: true
[22:56:39] [Server thread/INFO]: Player blocking damage multiplier set to 0.5
[22:56:39] [Server thread/INFO]: Water over lava flow speed: 5
[22:56:39] [Server thread/INFO]: Fix TNT cannons: false
[22:56:39] [Server thread/INFO]: Allow undead horse types to be leashed: false
[22:56:39] [Server thread/INFO]: Keep spawn chunk loaded: true
[22:56:39] [Server thread/INFO]: World async lighting: false
[22:56:39] [Server thread/INFO]: WorldServer TickNextTick cap set at 10000
[22:56:39] [Server thread/INFO]: WorldServer TickNextTickList cap always processes redstone: false
[22:56:39] [Server thread/INFO]: Disabling EssentialsSpawn v2.20.1
[22:56:39] [Server thread/INFO]: [LoginSecurity] Disabling LoginSecurity v3.2.0
[22:56:39] [Server thread/INFO]: [LoginSecurity] Waiting for queued tasks...
[22:56:39] [Server thread/INFO]: [LoginSecurity] ExecutorService shut down, ready to disable.
[22:56:39] [Server thread/INFO]: Disabling Essentials v2.20.1
[22:56:39] [Server thread/ERROR]: There's a good chance you're reloading your server right now. If that's the case, why do you hate yourself? Expect no support from the EssentialsX team when using /reload.
[22:56:39] [Server thread/INFO]: [WorldEdit] Disabling WorldEdit v6.1;no_git_id
[22:56:39] [Server thread/INFO]: [SimpleHomes] Disabling SimpleHomes v2.2
[22:56:39] [Server thread/INFO]: [SimpleTpa] Disabling SimpleTpa v6.4
[22:56:39] [Server thread/INFO]: [0;36;1m[21m[SimpleTpa] If you need support contact me at https://discord.gg/SZUkza9[m

[22:56:39] [Server thread/INFO]: [0;36;1m[21m[SimpleTpa] Simple Tpa has been disabled on version 6.4[m

[22:56:39] [Server thread/INFO]: [SimpleTpa] Loading SimpleTpa v6.4
[22:56:39] [Server thread/INFO]: [SimpleHomes] Loading SimpleHomes v2.2
[22:56:39] [Server thread/INFO]: [WorldEdit] Loading WorldEdit v6.1;no_git_id
[22:56:39] [Server thread/INFO]: [Essentials] Loading Essentials v2.20.1
[22:56:39] [Server thread/INFO]: [LoginSecurity] Loading LoginSecurity v3.2.0
[22:56:39] [Server thread/INFO]: [EssentialsSpawn] Loading EssentialsSpawn v2.20.1
[22:56:39] [Server thread/INFO]: [SimpleTpa] Enabling SimpleTpa v6.4
[22:56:39] [Server thread/INFO]: [0;33;1m[21m[SimpleTpa] If you need support contact me at https://discord.gg/SZUkza9[m

[22:56:39] [Server thread/INFO]: [0;33;1m[21m[SimpleTpa] Simple Tpa has been enabled on version 6.4[m

[22:56:39] [Server thread/INFO]: Enabled metrics. You may opt-out by changing plugins/bStats/config.yml
[22:56:39] [Server thread/INFO]: [SimpleHomes] Enabling SimpleHomes v2.2
[22:56:39] [Server thread/INFO]: [WorldEdit] Enabling WorldEdit v6.1;no_git_id
[22:56:39] [Server thread/INFO]: WEPIF: Using the Bukkit Permissions API.
[22:56:39] [Server thread/INFO]: [WorldEdit] Using com.sk89q.worldedit.bukkit.adapter.impl.Spigot_v1_8_R3 as the Bukkit adapter
[22:56:39] [Server thread/INFO]: [Essentials] Enabling Essentials v2.20.1
[22:56:39] [Server thread/INFO]: You are running a server with limited API functionality. EssentialsX will still work, but certain features may be disabled.
[22:56:39] [Server thread/INFO]: Attempting to convert old kits in config.yml to new kits.yml
[22:56:39] [Server thread/INFO]: No kits found to migrate.
[22:56:39] [Server thread/INFO]: Loaded 853 items from items.csv.
[22:56:39] [Server thread/INFO]: Using locale en
[22:56:39] [Server thread/INFO]: ServerListPingEvent: Spigot iterator API
[22:56:40] [Server thread/INFO]: Starting Metrics. Opt-out using the global bStats config.
[22:56:40] [Server thread/INFO]: Using superperms-based permissions.
[22:56:40] [Server thread/INFO]: [LoginSecurity] Enabling LoginSecurity v3.2.0
[22:56:40] [Server thread/INFO]: [LoginSecurity] Loading base translations from "en_us"
[22:56:40] [Server thread/INFO]: [LoginSecurity] Loading specified translations from "en_us"
[22:56:40] [Server thread/INFO]: [LoginSecurity] Registering commands...
[22:56:40] [Server thread/INFO]: [LoginSecurity] Registering listeners...
[22:56:40] [Server thread/INFO]: [EssentialsSpawn] Enabling EssentialsSpawn v2.20.1
[22:56:40] [Server thread/INFO]: Starting Metrics. Opt-out using the global bStats config.
[22:56:40] [Server thread/INFO]: Server permissions file permissions.yml is empty, ignoring it
[22:56:40] [Server thread/INFO]: FiredangerFN: [0;32;1mReload complete.[m

[22:56:40] [Craft Scheduler Thread - 8/INFO]: ยง6Fetching version information...
[22:56:40] [Server thread/INFO]: Timings Reset
[22:56:40] [Craft Scheduler Thread - 7/INFO]: [0;31;1m[21m[SimpleTpa] There is a new update available.[m

[22:56:40] [Craft Scheduler Thread - 7/INFO]: [0;31;1m[SimpleTpa] There is a new update available:[m

[22:56:40] [Craft Scheduler Thread - 7/INFO]: [0;31;1m[SimpleTpa] https://www.spigotmc.org/resources/simple-tpa.64270/[m

[22:57:02] [Server thread/INFO]: FiredangerFN issued server command: /lac stfu
[22:57:18] [Server thread/INFO]: FiredangerFN issued server command: /lac update stfu
[22:57:18] [Craft Scheduler Thread - 9/INFO]: [LoginSecurity] Downloading file LoginSecurity-3.2.0-Bukkit (1).jar...
[22:57:18] [Craft Scheduler Thread - 9/INFO]: [LoginSecurity] Download complete!
[22:57:55] [Server thread/INFO]: FiredangerFN lost connection: Disconnected
[22:57:55] [Server thread/INFO]: FiredangerFN left the game.
[23:00:45] [Thread-12/INFO]: UUID of player FiredangerFN is 64172f8c-c2c8-375a-b63b-fc366f7f9901
[23:00:45] [Server thread/INFO]: FiredangerFN[/[0:0:0:0:0:0:0:1]:39384] logged in with entity id 1880 at ([world]-448.4879749369276, 65.0, 411.12302273026603)
[23:01:53] [Server thread/INFO]: FiredangerFN has just earned the achievement [Taking Inventory]
[23:02:06] [Server thread/INFO]: FiredangerFN has just earned the achievement [Getting Wood]
[23:02:25] [Server thread/INFO]: FiredangerFN has just earned the achievement [Benchmarking]
[23:03:06] [Server thread/INFO]: FiredangerFN has just earned the achievement [Time to Mine!]
[23:03:58] [Server thread/INFO]: FiredangerFN has just earned the achievement [Getting an Upgrade]
[23:06:08] [Server thread/INFO]: FiredangerFN issued server command: /reload
[23:06:08] [Server thread/INFO]: FiredangerFN: [0;31;1mPlease note that this command is not supported and may cause issues when using some plugins.[m

[23:06:08] [Server thread/INFO]: FiredangerFN: [0;31;1mIf you encounter any issues please use the /stop command to restart your server.[m

[23:06:08] [Server thread/INFO]: Debug logging is disabled
[23:06:08] [Server thread/INFO]: Spigot Timings: true - Verbose: true - Interval: 5m - Length: 60m
[23:06:08] [Server thread/INFO]: Server Ping Player Sample Count: 12

[23:06:08] [Server thread/INFO]: Using 4 threads for Netty based IO
[23:06:08] [Server thread/INFO]: Data value allowed items: 
[23:06:08] [Server thread/WARN]: java.lang.NoSuchFieldException: modifiers

[23:06:08] [Server thread/WARN]: 	at java.base/java.lang.Class.getDeclaredField(Class.java:2782)

[23:06:08] [Server thread/WARN]: 	at org.github.paperspigot.PaperSpigotConfig.stackableBuckets(PaperSpigotConfig.java:192)

[23:06:08] [Server thread/WARN]: 	at java.base/jdk.internal.reflect.DirectMethodHandleAccessor.invoke(DirectMethodHandleAccessor.java:103)

[23:06:08] [Server thread/WARN]: 	at java.base/java.lang.reflect.Method.invoke(Method.java:580)

[23:06:08] [Server thread/WARN]: 	at org.github.paperspigot.PaperSpigotConfig.readConfig(PaperSpigotConfig.java:84)

[23:06:08] [Server thread/WARN]: 	at org.github.paperspigot.PaperSpigotConfig.init(PaperSpigotConfig.java:62)

[23:06:08] [Server thread/WARN]: 	at org.bukkit.craftbukkit.v1_8_R3.CraftServer.reload(CraftServer.java:716)

[23:06:08] [Server thread/WARN]: 	at org.bukkit.Bukkit.reload(Bukkit.java:556)

[23:06:08] [Server thread/WARN]: 	at org.bukkit.command.defaults.ReloadCommand.execute(ReloadCommand.java:25)

[23:06:08] [Server thread/WARN]: 	at org.bukkit.command.SimpleCommandMap.dispatch(SimpleCommandMap.java:146)

[23:06:08] [Server thread/WARN]: 	at org.bukkit.craftbukkit.v1_8_R3.CraftServer.dispatchCommand(CraftServer.java:666)

[23:06:08] [Server thread/WARN]: 	at net.minecraft.server.v1_8_R3.PlayerConnection.handleCommand(PlayerConnection.java:1189)

[23:06:08] [Server thread/WARN]: 	at net.minecraft.server.v1_8_R3.PlayerConnection.a(PlayerConnection.java:1001)

[23:06:08] [Server thread/WARN]: 	at net.minecraft.server.v1_8_R3.PacketPlayInChat.a(PacketPlayInChat.java:45)

[23:06:08] [Server thread/WARN]: 	at net.minecraft.server.v1_8_R3.PacketPlayInChat.a(PacketPlayInChat.java:1)

[23:06:08] [Server thread/WARN]: 	at net.minecraft.server.v1_8_R3.PlayerConnectionUtils$1.run(SourceFile:13)

[23:06:08] [Server thread/WARN]: 	at java.base/java.util.concurrent.Executors$RunnableAdapter.call(Executors.java:572)

[23:06:08] [Server thread/WARN]: 	at java.base/java.util.concurrent.FutureTask.run(FutureTask.java:317)

[23:06:08] [Server thread/WARN]: 	at net.minecraft.server.v1_8_R3.SystemUtils.a(SourceFile:44)

[23:06:08] [Server thread/WARN]: 	at net.minecraft.server.v1_8_R3.MinecraftServer.B(MinecraftServer.java:774)

[23:06:08] [Server thread/WARN]: 	at net.minecraft.server.v1_8_R3.DedicatedServer.B(DedicatedServer.java:378)

[23:06:08] [Server thread/WARN]: 	at net.minecraft.server.v1_8_R3.MinecraftServer.A(MinecraftServer.java:713)

[23:06:08] [Server thread/WARN]: 	at net.minecraft.server.v1_8_R3.MinecraftServer.run(MinecraftServer.java:616)

[23:06:08] [Server thread/WARN]: 	at java.base/java.lang.Thread.run(Thread.java:1583)

[23:06:08] [Server thread/INFO]: -------- World Settings For [world] --------
[23:06:08] [Server thread/INFO]: Mob Spawn Range: 4
[23:06:08] [Server thread/INFO]: Anti X-Ray: true
[23:06:08] [Server thread/INFO]: 	Engine Mode: 1
[23:06:08] [Server thread/INFO]: 	Hidden Blocks: [14, 15, 16, 21, 48, 49, 54, 56, 73, 74, 82, 129, 130]
[23:06:08] [Server thread/INFO]: 	Replace Blocks: [1, 5]
[23:06:08] [Server thread/INFO]: Nerfing mobs spawned from spawners: false
[23:06:08] [Server thread/INFO]: Cactus Growth Modifier: 100%
[23:06:08] [Server thread/INFO]: Cane Growth Modifier: 100%
[23:06:08] [Server thread/INFO]: Melon Growth Modifier: 100%
[23:06:08] [Server thread/INFO]: Mushroom Growth Modifier: 100%
[23:06:08] [Server thread/INFO]: Pumpkin Growth Modifier: 100%
[23:06:08] [Server thread/INFO]: Sapling Growth Modifier: 100%
[23:06:08] [Server thread/INFO]: Wheat Growth Modifier: 100%
[23:06:08] [Server thread/INFO]: NetherWart Growth Modifier: 100%
[23:06:08] [Server thread/INFO]: Entity Activation Range: An 32 / Mo 32 / Mi 16
[23:06:08] [Server thread/INFO]: Entity Tracking Range: Pl 48 / An 48 / Mo 48 / Mi 32 / Other 64
[23:06:08] [Server thread/INFO]: Hopper Transfer: 8 Hopper Check: 8 Hopper Amount: 1
[23:06:08] [Server thread/INFO]: Random Lighting Updates: false
[23:06:08] [Server thread/INFO]: Structure Info Saving: true
[23:06:08] [Server thread/INFO]: Sending up to 10 chunks per packet
[23:06:08] [Server thread/INFO]: Max Entity Collisions: 8
[23:06:08] [Server thread/INFO]: Custom Map Seeds:  Village: 10387312 Feature: 14357617
[23:06:08] [Server thread/INFO]: Max TNT Explosions: 100
[23:06:08] [Server thread/INFO]: Tile Max Tick Time: 50ms Entity max Tick Time: 50ms
[23:06:08] [Server thread/INFO]: Item Despawn Rate: 6000
[23:06:08] [Server thread/INFO]: Item Merge Radius: 2.5
[23:06:08] [Server thread/INFO]: Arrow Despawn Rate: 1200
[23:06:08] [Server thread/INFO]: Allow Zombie Pigmen to spawn from portal blocks: true
[23:06:08] [Server thread/INFO]: View Distance: 4
[23:06:08] [Server thread/INFO]: Zombie Aggressive Towards Villager: true
[23:06:08] [Server thread/INFO]: Chunks to Grow per Tick: 650
[23:06:08] [Server thread/INFO]: Clear tick list: false
[23:06:08] [Server thread/INFO]: Experience Merge Radius: 3.0
[23:06:08] [Server thread/INFO]: -------- World Settings For [world] --------
[23:06:08] [Server thread/INFO]: Squids will spawn between Y: 45.0 and Y: 63.0
[23:06:08] [Server thread/INFO]: Max height for cactus growth 3. Max height for reed growth 3
[23:06:08] [Server thread/INFO]: Living Entity Despawn Ranges:  Soft: 32 Hard: 128
[23:06:08] [Server thread/INFO]: Remove invalid mob spawner tile entities: true
[23:06:08] [Server thread/INFO]: Player blocking damage multiplier set to 0.5
[23:06:08] [Server thread/INFO]: Water over lava flow speed: 5
[23:06:08] [Server thread/INFO]: Fix TNT cannons: false
[23:06:08] [Server thread/INFO]: Allow undead horse types to be leashed: false
[23:06:08] [Server thread/INFO]: Keep spawn chunk loaded: true
[23:06:08] [Server thread/INFO]: World async lighting: false
[23:06:08] [Server thread/INFO]: WorldServer TickNextTick cap set at 10000
[23:06:08] [Server thread/INFO]: WorldServer TickNextTickList cap always processes redstone: false
[23:06:08] [Server thread/INFO]: -------- World Settings For [world_nether] --------
[23:06:08] [Server thread/INFO]: Mob Spawn Range: 4
[23:06:08] [Server thread/INFO]: Anti X-Ray: true
[23:06:08] [Server thread/INFO]: 	Engine Mode: 1
[23:06:08] [Server thread/INFO]: 	Hidden Blocks: [14, 15, 16, 21, 48, 49, 54, 56, 73, 74, 82, 129, 130]
[23:06:08] [Server thread/INFO]: 	Replace Blocks: [1, 5]
[23:06:08] [Server thread/INFO]: Nerfing mobs spawned from spawners: false
[23:06:08] [Server thread/INFO]: Cactus Growth Modifier: 100%
[23:06:08] [Server thread/INFO]: Cane Growth Modifier: 100%
[23:06:08] [Server thread/INFO]: Melon Growth Modifier: 100%
[23:06:08] [Server thread/INFO]: Mushroom Growth Modifier: 100%
[23:06:08] [Server thread/INFO]: Pumpkin Growth Modifier: 100%
[23:06:08] [Server thread/INFO]: Sapling Growth Modifier: 100%
[23:06:08] [Server thread/INFO]: Wheat Growth Modifier: 100%
[23:06:08] [Server thread/INFO]: NetherWart Growth Modifier: 100%
[23:06:08] [Server thread/INFO]: Entity Activation Range: An 32 / Mo 32 / Mi 16
[23:06:08] [Server thread/INFO]: Entity Tracking Range: Pl 48 / An 48 / Mo 48 / Mi 32 / Other 64
[23:06:08] [Server thread/INFO]: Hopper Transfer: 8 Hopper Check: 8 Hopper Amount: 1
[23:06:08] [Server thread/INFO]: Random Lighting Updates: false
[23:06:08] [Server thread/INFO]: Structure Info Saving: true
[23:06:08] [Server thread/INFO]: Sending up to 10 chunks per packet
[23:06:08] [Server thread/INFO]: Max Entity Collisions: 8
[23:06:08] [Server thread/INFO]: Custom Map Seeds:  Village: 10387312 Feature: 14357617
[23:06:08] [Server thread/INFO]: Max TNT Explosions: 100
[23:06:08] [Server thread/INFO]: Tile Max Tick Time: 50ms Entity max Tick Time: 50ms
[23:06:08] [Server thread/INFO]: Item Despawn Rate: 6000
[23:06:08] [Server thread/INFO]: Item Merge Radius: 2.5
[23:06:08] [Server thread/INFO]: Arrow Despawn Rate: 1200
[23:06:08] [Server thread/INFO]: Allow Zombie Pigmen to spawn from portal blocks: true
[23:06:08] [Server thread/INFO]: View Distance: 4
[23:06:08] [Server thread/INFO]: Zombie Aggressive Towards Villager: true
[23:06:08] [Server thread/INFO]: Chunks to Grow per Tick: 650
[23:06:08] [Server thread/INFO]: Clear tick list: false
[23:06:08] [Server thread/INFO]: Experience Merge Radius: 3.0
[23:06:08] [Server thread/INFO]: -------- World Settings For [world_nether] --------
[23:06:08] [Server thread/INFO]: Squids will spawn between Y: 45.0 and Y: 63.0
[23:06:08] [Server thread/INFO]: Max height for cactus growth 3. Max height for reed growth 3
[23:06:08] [Server thread/INFO]: Living Entity Despawn Ranges:  Soft: 32 Hard: 128
[23:06:08] [Server thread/INFO]: Remove invalid mob spawner tile entities: true
[23:06:08] [Server thread/INFO]: Player blocking damage multiplier set to 0.5
[23:06:08] [Server thread/INFO]: Water over lava flow speed: 5
[23:06:08] [Server thread/INFO]: Fix TNT cannons: false
[23:06:08] [Server thread/INFO]: Allow undead horse types to be leashed: false
[23:06:08] [Server thread/INFO]: Keep spawn chunk loaded: true
[23:06:08] [Server thread/INFO]: World async lighting: false
[23:06:08] [Server thread/INFO]: WorldServer TickNextTick cap set at 10000
[23:06:08] [Server thread/INFO]: WorldServer TickNextTickList cap always processes redstone: false
[23:06:08] [Server thread/INFO]: -------- World Settings For [world_the_end] --------
[23:06:08] [Server thread/INFO]: Mob Spawn Range: 4
[23:06:08] [Server thread/INFO]: Anti X-Ray: true
[23:06:08] [Server thread/INFO]: 	Engine Mode: 1
[23:06:08] [Server thread/INFO]: 	Hidden Blocks: [14, 15, 16, 21, 48, 49, 54, 56, 73, 74, 82, 129, 130]
[23:06:08] [Server thread/INFO]: 	Replace Blocks: [1, 5]
[23:06:08] [Server thread/INFO]: Nerfing mobs spawned from spawners: false
[23:06:08] [Server thread/INFO]: Cactus Growth Modifier: 100%
[23:06:08] [Server thread/INFO]: Cane Growth Modifier: 100%
[23:06:08] [Server thread/INFO]: Melon Growth Modifier: 100%
[23:06:08] [Server thread/INFO]: Mushroom Growth Modifier: 100%
[23:06:08] [Server thread/INFO]: Pumpkin Growth Modifier: 100%
[23:06:08] [Server thread/INFO]: Sapling Growth Modifier: 100%
[23:06:08] [Server thread/INFO]: Wheat Growth Modifier: 100%
[23:06:08] [Server thread/INFO]: NetherWart Growth Modifier: 100%
[23:06:08] [Server thread/INFO]: Entity Activation Range: An 32 / Mo 32 / Mi 16
[23:06:08] [Server thread/INFO]: Entity Tracking Range: Pl 48 / An 48 / Mo 48 / Mi 32 / Other 64
[23:06:08] [Server thread/INFO]: Hopper Transfer: 8 Hopper Check: 8 Hopper Amount: 1
[23:06:08] [Server thread/INFO]: Random Lighting Updates: false
[23:06:08] [Server thread/INFO]: Structure Info Saving: true
[23:06:08] [Server thread/INFO]: Sending up to 10 chunks per packet
[23:06:08] [Server thread/INFO]: Max Entity Collisions: 8
[23:06:08] [Server thread/INFO]: Custom Map Seeds:  Village: 10387312 Feature: 14357617
[23:06:08] [Server thread/INFO]: Max TNT Explosions: 100
[23:06:08] [Server thread/INFO]: Tile Max Tick Time: 50ms Entity max Tick Time: 50ms
[23:06:08] [Server thread/INFO]: Item Despawn Rate: 6000
[23:06:08] [Server thread/INFO]: Item Merge Radius: 2.5
[23:06:08] [Server thread/INFO]: Arrow Despawn Rate: 1200
[23:06:08] [Server thread/INFO]: Allow Zombie Pigmen to spawn from portal blocks: true
[23:06:08] [Server thread/INFO]: View Distance: 4
[23:06:08] [Server thread/INFO]: Zombie Aggressive Towards Villager: true
[23:06:08] [Server thread/INFO]: Chunks to Grow per Tick: 650
[23:06:08] [Server thread/INFO]: Clear tick list: false
[23:06:08] [Server thread/INFO]: Experience Merge Radius: 3.0
[23:06:08] [Server thread/INFO]: -------- World Settings For [world_the_end] --------
[23:06:08] [Server thread/INFO]: Squids will spawn between Y: 45.0 and Y: 63.0
[23:06:08] [Server thread/INFO]: Max height for cactus growth 3. Max height for reed growth 3
[23:06:08] [Server thread/INFO]: Living Entity Despawn Ranges:  Soft: 32 Hard: 128
[23:06:08] [Server thread/INFO]: Remove invalid mob spawner tile entities: true
[23:06:08] [Server thread/INFO]: Player blocking damage multiplier set to 0.5
[23:06:08] [Server thread/INFO]: Water over lava flow speed: 5
[23:06:08] [Server thread/INFO]: Fix TNT cannons: false
[23:06:08] [Server thread/INFO]: Allow undead horse types to be leashed: false
[23:06:08] [Server thread/INFO]: Keep spawn chunk loaded: true
[23:06:08] [Server thread/INFO]: World async lighting: false
[23:06:08] [Server thread/INFO]: WorldServer TickNextTick cap set at 10000
[23:06:08] [Server thread/INFO]: WorldServer TickNextTickList cap always processes redstone: false
[23:06:08] [Server thread/INFO]: Disabling EssentialsSpawn v2.20.1
[23:06:08] [Server thread/INFO]: [LoginSecurity] Disabling LoginSecurity v3.2.0
[23:06:08] [Server thread/INFO]: [LoginSecurity] Waiting for queued tasks...
[23:06:08] [Server thread/INFO]: [LoginSecurity] ExecutorService shut down, ready to disable.
[23:06:08] [Server thread/INFO]: Disabling Essentials v2.20.1
[23:06:08] [Server thread/ERROR]: There's a good chance you're reloading your server right now. If that's the case, why do you hate yourself? Expect no support from the EssentialsX team when using /reload.
[23:06:08] [Server thread/INFO]: [WorldEdit] Disabling WorldEdit v6.1;no_git_id
[23:06:08] [Server thread/INFO]: [SimpleHomes] Disabling SimpleHomes v2.2
[23:06:08] [Server thread/INFO]: [SimpleTpa] Disabling SimpleTpa v6.4
[23:06:08] [Server thread/INFO]: [0;36;1m[21m[SimpleTpa] If you need support contact me at https://discord.gg/SZUkza9[m

[23:06:08] [Server thread/INFO]: [0;36;1m[21m[SimpleTpa] Simple Tpa has been disabled on version 6.4[m

[23:06:08] [Server thread/INFO]: [SimpleTpa] Loading SimpleTpa v6.4
[23:06:08] [Server thread/INFO]: [SimpleHomes] Loading SimpleHomes v2.2
[23:06:08] [Server thread/INFO]: [WorldEdit] Loading WorldEdit v6.1;no_git_id
[23:06:08] [Server thread/INFO]: [Essentials] Loading Essentials v2.20.1
[23:06:08] [Server thread/INFO]: [LoginSecurity] Loading LoginSecurity v3.2.0
[23:06:08] [Server thread/INFO]: [EssentialsSpawn] Loading EssentialsSpawn v2.20.1
[23:06:08] [Server thread/INFO]: [SimpleTpa] Enabling SimpleTpa v6.4
[23:06:08] [Server thread/INFO]: [0;33;1m[21m[SimpleTpa] If you need support contact me at https://discord.gg/SZUkza9[m

[23:06:08] [Server thread/INFO]: [0;33;1m[21m[SimpleTpa] Simple Tpa has been enabled on version 6.4[m

[23:06:08] [Server thread/INFO]: Enabled metrics. You may opt-out by changing plugins/bStats/config.yml
[23:06:08] [Server thread/INFO]: [SimpleHomes] Enabling SimpleHomes v2.2
[23:06:08] [Server thread/INFO]: [WorldEdit] Enabling WorldEdit v6.1;no_git_id
[23:06:08] [Server thread/INFO]: WEPIF: Using the Bukkit Permissions API.
[23:06:08] [Server thread/INFO]: [WorldEdit] Using com.sk89q.worldedit.bukkit.adapter.impl.Spigot_v1_8_R3 as the Bukkit adapter
[23:06:08] [Server thread/INFO]: [Essentials] Enabling Essentials v2.20.1
[23:06:08] [Server thread/INFO]: You are running a server with limited API functionality. EssentialsX will still work, but certain features may be disabled.
[23:06:08] [Server thread/INFO]: Attempting to convert old kits in config.yml to new kits.yml
[23:06:08] [Server thread/INFO]: No kits found to migrate.
[23:06:08] [Server thread/INFO]: Loaded 853 items from items.csv.
[23:06:08] [Server thread/INFO]: Using locale en
[23:06:08] [Server thread/INFO]: ServerListPingEvent: Spigot iterator API
[23:06:08] [Server thread/INFO]: Starting Metrics. Opt-out using the global bStats config.
[23:06:08] [Server thread/INFO]: Using superperms-based permissions.
[23:06:08] [Server thread/INFO]: [LoginSecurity] Enabling LoginSecurity v3.2.0
[23:06:08] [Server thread/INFO]: [LoginSecurity] Loading base translations from "en_us"
[23:06:08] [Server thread/INFO]: [LoginSecurity] Loading specified translations from "en_us"
[23:06:08] [Server thread/INFO]: [LoginSecurity] Registering commands...
[23:06:08] [Server thread/INFO]: [LoginSecurity] Registering listeners...
[23:06:09] [Server thread/INFO]: [EssentialsSpawn] Enabling EssentialsSpawn v2.20.1
[23:06:09] [Server thread/INFO]: Starting Metrics. Opt-out using the global bStats config.
[23:06:09] [Server thread/INFO]: Server permissions file permissions.yml is empty, ignoring it
[23:06:09] [Server thread/INFO]: FiredangerFN: [0;32;1mReload complete.[m

[23:06:09] [Craft Scheduler Thread - 13/INFO]: ยง6Fetching version information...
[23:06:09] [Server thread/INFO]: Timings Reset
[23:06:09] [Craft Scheduler Thread - 12/INFO]: [0;31;1m[21m[SimpleTpa] There is a new update available.[m

[23:06:09] [Craft Scheduler Thread - 12/INFO]: [0;31;1m[SimpleTpa] There is a new update available:[m

[23:06:09] [Craft Scheduler Thread - 12/INFO]: [0;31;1m[SimpleTpa] https://www.spigotmc.org/resources/simple-tpa.64270/[m

[23:06:36] [Server thread/INFO]: FiredangerFN issued server command: /version
[23:07:01] [Server thread/INFO]: FiredangerFN issued server command: /? bungee
[23:07:07] [Server thread/INFO]: FiredangerFN issued server command: /?
[23:07:31] [Server thread/INFO]: FiredangerFN issued server command: /? LoginSecurity
[23:07:42] [Server thread/INFO]: FiredangerFN issued server command: /logout
[23:08:08] [Server thread/INFO]: FiredangerFN issued server command: /? Essentialsspawn
[23:08:26] [Server thread/INFO]: FiredangerFN issued server command: /gamemode c
[23:09:00] [Server thread/INFO]: FiredangerFN issued server command: /spawn
[23:09:43] [Server thread/INFO]: FiredangerFN issued server command: /setspawn
[23:09:54] [Server thread/INFO]: FiredangerFN issued server command: /?
[23:10:05] [Server thread/INFO]: FiredangerFN issued server command: /? simpletpa
[23:10:13] [Server thread/INFO]: FiredangerFN issued server command: /simpletpa
[23:10:21] [Server thread/INFO]: FiredangerFN issued server command: /back
[23:10:38] [Server thread/INFO]: FiredangerFN issued server command: /simpletpa reload
[23:10:49] [Server thread/INFO]: FiredangerFN issued server command: /?
[23:10:58] [Server thread/INFO]: FiredangerFN issued server command: /simplehomes
[23:11:04] [Server thread/INFO]: FiredangerFN issued server command: /? simplehomes
[23:11:19] [Server thread/INFO]: FiredangerFN issued server command: /homes
[23:11:30] [Server thread/INFO]: FiredangerFN issued server command: /gamemode s
[23:11:32] [Server thread/INFO]: FiredangerFN issued server command: /fly
[23:12:23] [Server thread/INFO]: FiredangerFN issued server command: /essentials
[23:12:52] [Server thread/INFO]: FiredangerFN issued server command: /essentials reset firedangerfn
[23:13:04] [Server thread/INFO]: FiredangerFN issued server command: /gamemode c
[23:13:11] [Server thread/INFO]: FiredangerFN issued server command: /op
[23:13:20] [Server thread/INFO]: FiredangerFN issued server command: /unfly
[23:13:23] [Server thread/INFO]: FiredangerFN issued server command: /fly
[23:13:35] [Server thread/INFO]: FiredangerFN issued server command: /
[23:13:50] [Server thread/INFO]: FiredangerFN issued server command: /fly
[23:14:15] [Server thread/INFO]: FiredangerFN issued server command: /spawn
[23:14:19] [Server thread/INFO]: FiredangerFN issued server command: /?
[23:14:30] [Server thread/INFO]: FiredangerFN issued server command: /? n
[23:14:43] [Server thread/INFO]: FiredangerFN issued server command: /near
[23:14:55] [Server thread/INFO]: FiredangerFN issued server command: /kick FiredangerFN
[23:14:55] [Server thread/INFO]: FiredangerFN lost connection: Kicked from server.
[23:14:55] [Server thread/INFO]: FiredangerFN left the game.
[23:14:55] [Server thread/INFO]: ยง6Playerยงc ยง4FiredangerFNยงr ยง6kickedยงc FiredangerFNยง6 forยงc Kicked from server.ยง6.
[23:14:55] [Server thread/WARN]: handleDisconnection() called twice
[23:14:59] [Thread-18/INFO]: UUID of player FiredangerFN is 64172f8c-c2c8-375a-b63b-fc366f7f9901
[23:14:59] [Server thread/INFO]: FiredangerFN[/[0:0:0:0:0:0:0:1]:34696] logged in with entity id 5637 at ([world]-61.5, 73.0, 244.5)
[23:15:22] [Server thread/INFO]: FiredangerFN issued server command: /close
[23:15:34] [Server thread/INFO]: FiredangerFN issued server command: /stop
[23:15:34] [Server thread/INFO]: [FiredangerFN: Stopping the server]
[23:15:34] [Server thread/INFO]: Stopping server
[23:15:34] [Server thread/INFO]: Disabling EssentialsSpawn v2.20.1
[23:15:34] [Server thread/INFO]: [LoginSecurity] Disabling LoginSecurity v3.2.0
[23:15:34] [Server thread/INFO]: [LoginSecurity] Waiting for queued tasks...
[23:15:34] [Server thread/INFO]: [LoginSecurity] ExecutorService shut down, ready to disable.
[23:15:34] [Server thread/INFO]: Disabling Essentials v2.20.1
[23:15:34] [Server thread/INFO]: [WorldEdit] Disabling WorldEdit v6.1;no_git_id
[23:15:34] [Server thread/INFO]: [SimpleHomes] Disabling SimpleHomes v2.2
[23:15:34] [Server thread/INFO]: [SimpleTpa] Disabling SimpleTpa v6.4
[23:15:34] [Server thread/INFO]: [0;36;1m[21m[SimpleTpa] If you need support contact me at https://discord.gg/SZUkza9[m

[23:15:34] [Server thread/INFO]: [0;36;1m[21m[SimpleTpa] Simple Tpa has been disabled on version 6.4[m

[23:15:34] [Server thread/INFO]: Saving players
[23:15:34] [Server thread/INFO]: FiredangerFN lost connection: Server closed
[23:15:34] [Server thread/INFO]: FiredangerFN left the game.
[23:15:34] [Server thread/INFO]: Saving worlds
[23:15:34] [Server thread/INFO]: Saving chunks for level 'world'/Overworld
[23:15:35] [Server thread/INFO]: Saving chunks for level 'world_nether'/Nether
[23:15:35] [Server thread/INFO]: Saving chunks for level 'world_the_end'/The End
