[19:21:35] [main/INFO]: Using mbed TLS based native cipher.
[19:21:35] [main/INFO]: Using zlib based native compressor.
[19:21:35] [main/INFO]: Enabled Waterfall version git:Waterfall-Bootstrap:1.21-R0.1-SNAPSHOT:de8345a:579
[19:21:35] [main/WARN]: Waterfall has reached end of life and is no longer maintained. We recommend you transition to Velocity (https://papermc.io/software/velocity). For more information, see the announcement (https://forums.papermc.io/threads/1088/).
[19:21:35] [main/INFO]: Not on Windows, attempting to use enhanced EpollEventLoop
[19:21:35] [main/INFO]: Epoll is working, utilising it!
[19:21:36] [main/INFO]: Discovered module: ModuleSpec(name=cmd_alert, file=modules/cmd_alert.jar, provider=JenkinsModuleSource())
[19:21:36] [main/INFO]: Discovered module: ModuleSpec(name=cmd_find, file=modules/cmd_find.jar, provider=JenkinsModuleSource())
[19:21:36] [main/INFO]: Discovered module: ModuleSpec(name=cmd_list, file=modules/cmd_list.jar, provider=JenkinsModuleSource())
[19:21:36] [main/INFO]: Discovered module: ModuleSpec(name=cmd_send, file=modules/cmd_send.jar, provider=JenkinsModuleSource())
[19:21:36] [main/INFO]: Discovered module: ModuleSpec(name=cmd_server, file=modules/cmd_server.jar, provider=JenkinsModuleSource())
[19:21:36] [main/INFO]: Discovered module: ModuleSpec(name=reconnect_yaml, file=modules/reconnect_yaml.jar, provider=JenkinsModuleSource())
[19:21:36] [main/INFO]: Loaded plugin reconnect_yaml version git:reconnect_yaml:1.21-R0.1-SNAPSHOT:de8345a:579 by WaterfallMC
[19:21:36] [main/INFO]: Loaded plugin cmd_find version git:cmd_find:1.21-R0.1-SNAPSHOT:de8345a:579 by WaterfallMC
[19:21:36] [main/INFO]: Loaded plugin cmd_server version git:cmd_server:1.21-R0.1-SNAPSHOT:de8345a:579 by WaterfallMC
[19:21:36] [main/INFO]: Loaded plugin cmd_alert version git:cmd_alert:1.21-R0.1-SNAPSHOT:de8345a:579 by WaterfallMC
[19:21:36] [main/INFO]: Loaded plugin cmd_send version git:cmd_send:1.21-R0.1-SNAPSHOT:de8345a:579 by WaterfallMC
[19:21:36] [main/INFO]: Loaded plugin cmd_list version git:cmd_list:1.21-R0.1-SNAPSHOT:de8345a:579 by WaterfallMC
[19:21:36] [main/WARN]: :>:>:>:>:>:>:>:>:>:>:>:>:>:>:>:>:>:>:>:>:>:>:>
[19:21:36] [main/WARN]: :>  
[19:21:36] [main/WARN]: :>      EAGLERCRAFTXBUNGEE WARNING:
[19:21:36] [main/WARN]: :>  
[19:21:36] [main/WARN]: :>  This plugin wasn't tested to be 'working'
[19:21:36] [main/WARN]: :>  with ANY version of BungeeCord (and forks)
[19:21:36] [main/WARN]: :>  apart from the versions listed below:
[19:21:36] [main/WARN]: :>  
[19:21:36] [main/WARN]: :>  - BungeeCord: 1.21-R0.1-SNAPSHOT:0aa2871:1893
[19:21:36] [main/WARN]: :>  - https://ci.md-5.net/job/BungeeCord/1893/artifact/bootstrap/target/BungeeCord.jar
[19:21:36] [main/WARN]: :>  
[19:21:36] [main/WARN]: :>  - Waterfall: 1.21-R0.1-SNAPSHOT:9ab9e2b:582
[19:21:36] [main/WARN]: :>  - https://api.papermc.io/v2/projects/waterfall/versions/1.21/builds/582/downloads/waterfall-1.21-582.jar
[19:21:36] [main/WARN]: :>  
[19:21:36] [main/WARN]: :>  This is not a Bukkit/Spigot plugin!
[19:21:36] [main/WARN]: :>  
[19:21:36] [main/WARN]: :>  Use "-Deaglerxbungee.stfu=true" to hide
[19:21:36] [main/WARN]: :>  
[19:21:36] [main/WARN]: :>:>:>:>:>:>:>:>:>:>:>:>:>:>:>:>:>:>:>:>:>:>:>
[19:21:36] [main/INFO] [EaglercraftXBungee]: Loading vanilla profile: lax1dude
[19:21:37] [Skin Download Thread #1/INFO] [EaglercraftXBungee]: Loaded vanilla profile: lax1dude
[19:21:37] [main/INFO]: Loaded plugin EaglercraftXBungee version 1.3.6 by lax1dude
[19:21:37] [main/WARN]: Could not load server icon
java.lang.IllegalArgumentException: Server icon must be exactly 64x64 pixels
	at net.md_5.bungee.api.Favicon.create(Favicon.java:80) ~[bungee.jar:git:Waterfall-Bootstrap:1.21-R0.1-SNAPSHOT:de8345a:579]
	at net.md_5.bungee.conf.Configuration.load(Configuration.java:90) ~[bungee.jar:git:Waterfall-Bootstrap:1.21-R0.1-SNAPSHOT:de8345a:579]
	at io.github.waterfallmc.waterfall.conf.WaterfallConfiguration.load(WaterfallConfiguration.java:67) ~[bungee.jar:git:Waterfall-Bootstrap:1.21-R0.1-SNAPSHOT:de8345a:579]
	at net.md_5.bungee.BungeeCord.start(BungeeCord.java:291) ~[bungee.jar:git:Waterfall-Bootstrap:1.21-R0.1-SNAPSHOT:de8345a:579]
	at net.md_5.bungee.BungeeCordLauncher.main(BungeeCordLauncher.java:68) ~[bungee.jar:git:Waterfall-Bootstrap:1.21-R0.1-SNAPSHOT:de8345a:579]
	at net.md_5.bungee.Bootstrap.main(Bootstrap.java:15) ~[bungee.jar:git:Waterfall-Bootstrap:1.21-R0.1-SNAPSHOT:de8345a:579]
[19:21:37] [main/WARN]: Forced host server pvp is not defined
[19:21:37] [main/INFO]: Enabled plugin reconnect_yaml version git:reconnect_yaml:1.21-R0.1-SNAPSHOT:de8345a:579 by WaterfallMC
[19:21:37] [main/INFO]: Enabled plugin cmd_find version git:cmd_find:1.21-R0.1-SNAPSHOT:de8345a:579 by WaterfallMC
[19:21:37] [main/INFO]: Enabled plugin cmd_server version git:cmd_server:1.21-R0.1-SNAPSHOT:de8345a:579 by WaterfallMC
[19:21:37] [main/INFO]: Enabled plugin cmd_alert version git:cmd_alert:1.21-R0.1-SNAPSHOT:de8345a:579 by WaterfallMC
[19:21:37] [main/INFO]: Enabled plugin cmd_send version git:cmd_send:1.21-R0.1-SNAPSHOT:de8345a:579 by WaterfallMC
[19:21:37] [main/INFO]: Enabled plugin cmd_list version git:cmd_list:1.21-R0.1-SNAPSHOT:de8345a:579 by WaterfallMC
[19:21:37] [main/ERROR] [EaglercraftXBungee]: Online mode is set to false! Authentication system has been disabled
[19:21:37] [Netty Boss IO Thread #0/INFO] [EaglercraftXBungee]: Eaglercraft is listening on: /0.0.0.0:8081
[19:21:38] [main/INFO] [EaglercraftXBungee]: Connected to database: jdbc:sqlite:eaglercraft_skins_cache.db
[19:21:38] [main/INFO] [EaglercraftXBungee]: Voice chat disabled, add "allow_voice: true" to your listeners to enable
[19:21:38] [main/INFO]: Enabled plugin EaglercraftXBungee version 1.3.6 by lax1dude
[19:21:38] [Netty Boss IO Thread #1/INFO]: Listening on /127.0.0.1:25577
[19:23:27] [Netty Worker IO Thread #1/INFO] [EaglercraftXBungee]: [/[0:0:0:0:0:0:0:1%0]:54974]: Connected via websocket
[19:23:27] [Netty Worker IO Thread #1/INFO] [EaglercraftXBungee]: [/[0:0:0:0:0:0:0:1%0]:54974]: Origin header is null
[19:23:27] [Netty Worker IO Thread #1/INFO] [EaglercraftXBungee]: [/[0:0:0:0:0:0:0:1%0]:54974]: Logged in as 'FiredangerFN'
[19:23:27] [Netty Worker IO Thread #1/INFO]: [/[0:0:0:0:0:0:0:1%0]:54974|FiredangerFN] -> UpstreamBridge has connected
[19:23:27] [Netty Worker IO Thread #1/INFO]: [FiredangerFN|/[0:0:0:0:0:0:0:1%0]:54974] <-> ServerConnector [lobby] has connected
[19:23:41] [Netty Worker IO Thread #1/INFO]: [FiredangerFN] disconnected with: Server is restarting
[19:23:41] [Netty Worker IO Thread #1/INFO]: [/[0:0:0:0:0:0:0:1%0]:54974|FiredangerFN] -> UpstreamBridge has disconnected
[19:23:41] [Netty Worker IO Thread #1/INFO]: [/[0:0:0:0:0:0:0:1%0]:54974|FiredangerFN] <-> DownstreamBridge <-> [lobby] has disconnected
[19:24:37] [Netty Worker IO Thread #2/INFO] [EaglercraftXBungee]: [/[0:0:0:0:0:0:0:1%0]:33778]: Connected via websocket
[19:24:37] [Netty Worker IO Thread #2/INFO] [EaglercraftXBungee]: [/[0:0:0:0:0:0:0:1%0]:33778]: Origin header is null
[19:24:37] [Netty Worker IO Thread #2/INFO] [EaglercraftXBungee]: [/[0:0:0:0:0:0:0:1%0]:33778]: Logged in as 'FiredangerFN'
[19:24:37] [Netty Worker IO Thread #2/INFO]: [/[0:0:0:0:0:0:0:1%0]:33778|FiredangerFN] -> UpstreamBridge has connected
[19:24:37] [Netty Worker IO Thread #2/INFO]: [FiredangerFN|/[0:0:0:0:0:0:0:1%0]:33778] <-> ServerConnector [lobby] has connected
[19:26:02] [Netty Worker IO Thread #2/INFO]: [FiredangerFN] disconnected with: Server is restarting
[19:26:02] [Netty Worker IO Thread #2/INFO]: [/[0:0:0:0:0:0:0:1%0]:33778|FiredangerFN] -> UpstreamBridge has disconnected
[19:26:02] [Netty Worker IO Thread #2/INFO]: [/[0:0:0:0:0:0:0:1%0]:33778|FiredangerFN] <-> DownstreamBridge <-> [lobby] has disconnected
[19:27:35] [Netty Worker IO Thread #0/INFO] [EaglercraftXBungee]: [/[0:0:0:0:0:0:0:1%0]:46340]: Connected via websocket
[19:27:35] [Netty Worker IO Thread #0/INFO] [EaglercraftXBungee]: [/[0:0:0:0:0:0:0:1%0]:46340]: Origin header is null
[19:27:35] [Netty Worker IO Thread #0/INFO] [EaglercraftXBungee]: [/[0:0:0:0:0:0:0:1%0]:46340]: Logged in as 'FiredangerFN'
[19:27:35] [Netty Worker IO Thread #0/INFO]: [/[0:0:0:0:0:0:0:1%0]:46340|FiredangerFN] -> UpstreamBridge has connected
[19:27:35] [Netty Worker IO Thread #0/INFO]: [FiredangerFN|/[0:0:0:0:0:0:0:1%0]:46340] <-> ServerConnector [lobby] has connected
[19:29:45] [Netty Worker IO Thread #0/INFO]: [FiredangerFN] disconnected with: Server closed
[19:29:45] [Netty Worker IO Thread #0/INFO]: [/[0:0:0:0:0:0:0:1%0]:46340|FiredangerFN] -> UpstreamBridge has disconnected
[19:29:45] [Netty Worker IO Thread #0/INFO]: [/[0:0:0:0:0:0:0:1%0]:46340|FiredangerFN] <-> DownstreamBridge <-> [lobby] has disconnected
[19:30:15] [Netty Worker IO Thread #1/INFO] [EaglercraftXBungee]: [/[0:0:0:0:0:0:0:1%0]:49876]: Connected via websocket
[19:30:15] [Netty Worker IO Thread #1/INFO] [EaglercraftXBungee]: [/[0:0:0:0:0:0:0:1%0]:49876]: Origin header is null
[19:30:16] [Netty Worker IO Thread #1/INFO] [EaglercraftXBungee]: [/[0:0:0:0:0:0:0:1%0]:49876]: Logged in as 'FiredangerFN'
[19:30:16] [Netty Worker IO Thread #1/INFO]: [/[0:0:0:0:0:0:0:1%0]:49876|FiredangerFN] -> UpstreamBridge has connected
[19:30:16] [Netty Worker IO Thread #1/INFO]: [FiredangerFN|/[0:0:0:0:0:0:0:1%0]:49876] <-> ServerConnector [lobby] has connected
[19:33:34] [Netty Worker IO Thread #1/INFO]: [/[0:0:0:0:0:0:0:1%0]:49876|FiredangerFN] -> UpstreamBridge has disconnected
[19:33:34] [Netty Worker IO Thread #1/INFO]: [FiredangerFN] disconnected with: Proxy lost connection to server.
[19:33:34] [Netty Worker IO Thread #1/INFO]: [/[0:0:0:0:0:0:0:1%0]:49876|FiredangerFN] <-> DownstreamBridge <-> [lobby] has disconnected
[19:33:37] [Netty Worker IO Thread #3/INFO] [EaglercraftXBungee]: [/[0:0:0:0:0:0:0:1%0]:55970]: Connected via websocket
[19:33:37] [Netty Worker IO Thread #3/INFO] [EaglercraftXBungee]: [/[0:0:0:0:0:0:0:1%0]:55970]: Origin header is null
[19:33:37] [Netty Worker IO Thread #3/INFO] [EaglercraftXBungee]: [/[0:0:0:0:0:0:0:1%0]:55970]: Logged in as 'FiredangerFN'
[19:33:37] [Netty Worker IO Thread #3/INFO]: [/[0:0:0:0:0:0:0:1%0]:55970|FiredangerFN] -> UpstreamBridge has connected
[19:33:37] [Netty Worker IO Thread #3/INFO]: [FiredangerFN|/[0:0:0:0:0:0:0:1%0]:55970] <-> ServerConnector [lobby] has connected
[19:33:47] [Netty Worker IO Thread #3/INFO]: [/[0:0:0:0:0:0:0:1%0]:55970|FiredangerFN] -> UpstreamBridge has disconnected
[19:33:47] [Netty Worker IO Thread #3/INFO]: [FiredangerFN] disconnected with: Proxy lost connection to server.
[19:33:47] [Netty Worker IO Thread #3/INFO]: [/[0:0:0:0:0:0:0:1%0]:55970|FiredangerFN] <-> DownstreamBridge <-> [lobby] has disconnected
[19:35:07] [Netty Worker IO Thread #1/INFO] [EaglercraftXBungee]: [/[0:0:0:0:0:0:0:1%0]:45890]: Connected via websocket
[19:35:07] [Netty Worker IO Thread #1/INFO] [EaglercraftXBungee]: [/[0:0:0:0:0:0:0:1%0]:45890]: Origin header is null
[19:35:07] [Netty Worker IO Thread #1/INFO] [EaglercraftXBungee]: [/[0:0:0:0:0:0:0:1%0]:45890]: Logged in as 'FiredangerFN'
[19:35:07] [Netty Worker IO Thread #1/INFO]: [/[0:0:0:0:0:0:0:1%0]:45890|FiredangerFN] -> UpstreamBridge has connected
[19:35:07] [Netty Worker IO Thread #1/INFO]: [FiredangerFN|/[0:0:0:0:0:0:0:1%0]:45890] <-> ServerConnector [lobby] has connected
[19:37:17] [Netty Worker IO Thread #1/INFO]: [/[0:0:0:0:0:0:0:1%0]:45890|FiredangerFN] -> UpstreamBridge has disconnected
[19:37:17] [Netty Worker IO Thread #1/INFO]: [FiredangerFN] disconnected with: Proxy lost connection to server.
[19:37:17] [Netty Worker IO Thread #1/INFO]: [/[0:0:0:0:0:0:0:1%0]:45890|FiredangerFN] <-> DownstreamBridge <-> [lobby] has disconnected
[19:45:48] [Netty Worker IO Thread #0/INFO] [EaglercraftXBungee]: [/[0:0:0:0:0:0:0:1%0]:51190]: Connected via websocket
[19:45:48] [Netty Worker IO Thread #0/INFO] [EaglercraftXBungee]: [/[0:0:0:0:0:0:0:1%0]:51190]: Origin header is null
[19:45:49] [Netty Worker IO Thread #0/INFO] [EaglercraftXBungee]: [/[0:0:0:0:0:0:0:1%0]:51190]: Logged in as 'FiredangerFN'
[19:45:49] [Netty Worker IO Thread #0/INFO]: [/[0:0:0:0:0:0:0:1%0]:51190|FiredangerFN] -> UpstreamBridge has connected
[19:45:49] [Netty Worker IO Thread #0/INFO]: [FiredangerFN|/[0:0:0:0:0:0:0:1%0]:51190] <-> ServerConnector [lobby] has connected
[19:49:04] [Netty Worker IO Thread #0/INFO]: [FiredangerFN] disconnected with: Flying is not enabled on this server
[19:49:04] [Netty Worker IO Thread #0/INFO]: [/[0:0:0:0:0:0:0:1%0]:51190|FiredangerFN] -> UpstreamBridge has disconnected
[19:49:04] [Netty Worker IO Thread #0/INFO]: [/[0:0:0:0:0:0:0:1%0]:51190|FiredangerFN] <-> DownstreamBridge <-> [lobby] has disconnected
[19:49:07] [Netty Worker IO Thread #1/INFO] [EaglercraftXBungee]: [/[0:0:0:0:0:0:0:1%0]:46062]: Connected via websocket
[19:49:07] [Netty Worker IO Thread #1/INFO] [EaglercraftXBungee]: [/[0:0:0:0:0:0:0:1%0]:46062]: Origin header is null
[19:49:08] [Netty Worker IO Thread #1/INFO] [EaglercraftXBungee]: [/[0:0:0:0:0:0:0:1%0]:46062]: Logged in as 'FiredangerFN'
[19:49:08] [Netty Worker IO Thread #1/INFO]: [/[0:0:0:0:0:0:0:1%0]:46062|FiredangerFN] -> UpstreamBridge has connected
[19:49:08] [Netty Worker IO Thread #1/INFO]: [FiredangerFN|/[0:0:0:0:0:0:0:1%0]:46062] <-> ServerConnector [lobby] has connected
[19:49:39] [Netty Worker IO Thread #1/INFO]: [/[0:0:0:0:0:0:0:1%0]:46062|FiredangerFN] -> UpstreamBridge has disconnected
[19:49:39] [Netty Worker IO Thread #1/INFO]: [FiredangerFN] disconnected with: Proxy lost connection to server.
[19:49:39] [Netty Worker IO Thread #1/INFO]: [/[0:0:0:0:0:0:0:1%0]:46062|FiredangerFN] <-> DownstreamBridge <-> [lobby] has disconnected
[19:51:40] [Netty Worker IO Thread #3/INFO] [EaglercraftXBungee]: [/[0:0:0:0:0:0:0:1%0]:54064]: Connected via websocket
[19:51:40] [Netty Worker IO Thread #3/INFO] [EaglercraftXBungee]: [/[0:0:0:0:0:0:0:1%0]:54064]: Origin header is null
[19:51:40] [Netty Worker IO Thread #3/INFO] [EaglercraftXBungee]: [/[0:0:0:0:0:0:0:1%0]:54064]: Logged in as 'FiredangerFN'
[19:51:40] [Netty Worker IO Thread #3/INFO]: [/[0:0:0:0:0:0:0:1%0]:54064|FiredangerFN] -> UpstreamBridge has connected
[19:51:40] [Netty Worker IO Thread #3/INFO]: [FiredangerFN|/[0:0:0:0:0:0:0:1%0]:54064] <-> ServerConnector [lobby] has connected
[19:57:16] [Netty Worker IO Thread #3/INFO]: [/[0:0:0:0:0:0:0:1%0]:54064|FiredangerFN] -> UpstreamBridge has disconnected
[19:57:16] [Netty Worker IO Thread #3/INFO]: [FiredangerFN] disconnected with: Proxy lost connection to server.
[19:57:16] [Netty Worker IO Thread #3/INFO]: [/[0:0:0:0:0:0:0:1%0]:54064|FiredangerFN] <-> DownstreamBridge <-> [lobby] has disconnected
[19:57:58] [main/INFO]: Command not found
